<?xml version="1.0" encoding="UTF-8"?>
<testsuite xmlns:xsi="http://www.w3.org/2001/XMLSchema-instance" xsi:noNamespaceSchemaLocation="https://maven.apache.org/surefire/maven-surefire-plugin/xsd/surefire-test-report.xsd" version="3.0.2" name="hellocucumber.RunCucumberTest" time="1.016" tests="17" errors="0" skipped="0" failures="0">
  <properties>
[...]
</properties>
  <testcase name="Demande de congé par un employé" classname="Processus de demande de congé" time="0.203">
    <system-out><![CDATA[
Scenario: Demande de congé par un employé                               &amp#27;[90m# hellocucumber/Demande_de_conge.feature:3&amp#27;[0m
  &amp#27;[32mGiven &amp#27;[0m&amp#27;[32ml'employé a besoin d'un congé&amp#27;[0m                                   &amp#27;[90m# hellocucumber.DemandeCongeSteps.employeBesoinConge()&amp#27;[0m
  &amp#27;[32mWhen &amp#27;[0m&amp#27;[32ml'employé remplit le formulaire de demande&amp#27;[0m                       &amp#27;[90m# hellocucumber.DemandeCongeSteps.employeRemplitFormulaire()&amp#27;[0m
Le team leader Team Leader a reçu la demande de Nom de l'employé
Le chef de projet Project Manager a reçu la demande de Nom de l'employé
  &amp#27;[32mAnd &amp#27;[0m&amp#27;[32ml'employé transmet la demande au team leader et au chef de projet&amp#27;[0m &amp#27;[90m# hellocucumber.DemandeCongeSteps.employeTransmetDemande()&amp#27;[0m
  &amp#27;[32mThen &amp#27;[0m&amp#27;[32mle team leader reçoit le mail de demande&amp#27;[0m                         &amp#27;[90m# hellocucumber.DemandeCongeSteps.teamLeadReçoitMailDemande()&amp#27;[0m
]]></system-out>
  </testcase>
  <testcase name="Analyse de la demande par le team leader" classname="Processus de demande de congé" time="0.031">
    <system-out><![CDATA[
Scenario: Analyse de la demande par le team leader        &amp#27;[90m# hellocucumber/Demande_de_conge.feature:9&amp#27;[0m
Analyse de la demande de Nom de l'employé
  &amp#27;[32mWhen &amp#27;[0m&amp#27;[32mle team leader fait l'analyse de la demande&amp#27;[0m        &amp#27;[90m# hellocucumber.DemandeCongeSteps.teamLeadAnalyseDemande()&amp#27;[0m
  &amp#27;[32mAnd &amp#27;[0m&amp#27;[32mle team leader vérifie le nombre de congés restants&amp#27;[0m &amp#27;[90m# hellocucumber.DemandeCongeSteps.teamLeadVerifieCongesRestants()&amp#27;[0m
  &amp#27;[32mThen &amp#27;[0m&amp#27;[32msi le team leader refuse la demande&amp#27;[0m                &amp#27;[90m# hellocucumber.DemandeCongeSteps.teamLeadRefuseDemande()&amp#27;[0m
  &amp#27;[32mThen &amp#27;[0m&amp#27;[32mil élabore les commentaires de refus&amp#27;[0m               &amp#27;[90m# hellocucumber.DemandeCongeSteps.ilÉlaboreLesCommentairesDeRefus()&amp#27;[0m
  &amp#27;[32mAnd &amp#27;[0m&amp#27;[32mles transmet à l'employé&amp#27;[0m                            &amp#27;[90m# hellocucumber.DemandeCongeSteps.lesTransmetÀLEmployé()&amp#27;[0m
]]></system-out>
  </testcase>
  <testcase name="Notification de refus à l&apos;employé" classname="Processus de demande de congé" time="0.032">
    <system-out><![CDATA[
Scenario: Notification de refus à l'employé                    &amp#27;[90m# hellocucumber/Demande_de_conge.feature:16&amp#27;[0m
Notification de refus reçue. Commentaires : null
  &amp#27;[32mWhen &amp#27;[0m&amp#27;[32ml'employé reçoit la notification de refus de sa demande&amp#27;[0m &amp#27;[90m# hellocucumber.DemandeCongeSteps.employeRecevoitNotificationRefus()&amp#27;[0m
  &amp#27;[32mThen &amp#27;[0m&amp#27;[32msi le team leader passe à la vérification du planning&amp#27;[0m   &amp#27;[90m# hellocucumber.DemandeCongeSteps.teamLeadVerifiePlanning()&amp#27;[0m
Notification de refus reçue. Commentaires : Demande de congé refusée en raison de...
  &amp#27;[32mThen &amp#27;[0m&amp#27;[32msi le team leader refuse la demande&amp#27;[0m                     &amp#27;[90m# hellocucumber.DemandeCongeSteps.teamLeadRefuseDemande()&amp#27;[0m
  &amp#27;[32mThen &amp#27;[0m&amp#27;[32mil élabore les commentaires de refus&amp#27;[0m                    &amp#27;[90m# hellocucumber.DemandeCongeSteps.ilÉlaboreLesCommentairesDeRefus()&amp#27;[0m
  &amp#27;[32mAnd &amp#27;[0m&amp#27;[32mles transmet à l'employé&amp#27;[0m                                 &amp#27;[90m# hellocucumber.DemandeCongeSteps.lesTransmetÀLEmployé()&amp#27;[0m
]]></system-out>
  </testcase>
  <testcase name="Validation de la demande par le team leader" classname="Processus de demande de congé" time="0.016">
    <system-out><![CDATA[
Scenario: Validation de la demande par le team leader &amp#27;[90m# hellocucumber/Demande_de_conge.feature:23&amp#27;[0m
  &amp#27;[32mWhen &amp#27;[0m&amp#27;[32mle team leader valide la demande&amp#27;[0m               &amp#27;[90m# hellocucumber.DemandeCongeSteps.teamLeadValideDemande()&amp#27;[0m
Le chef de projet Project Manager a reçu la demande de Nom de l'employé
  &amp#27;[32mThen &amp#27;[0m&amp#27;[32mil transmet la demande au chef de projet&amp#27;[0m       &amp#27;[90m# hellocucumber.DemandeCongeSteps.transmetDemandeChefProjet()&amp#27;[0m
]]></system-out>
  </testcase>
  <testcase name="Analyse par le chef de projet" classname="Processus de demande de congé" time="0.047">
    <system-out><![CDATA[
Scenario: Analyse par le chef de projet                      &amp#27;[90m# hellocucumber/Demande_de_conge.feature:27&amp#27;[0m
  &amp#27;[32mGiven &amp#27;[0m&amp#27;[32mle chef de projet reçoit la validation de la demande&amp#27;[0m &amp#27;[90m# hellocucumber.DemandeCongeSteps.chefProjetReçoitValidation()&amp#27;[0m
Analyse de la demande de Nom de l'employé
  &amp#27;[32mWhen &amp#27;[0m&amp#27;[32mle chef de projet fait l'analyse et le traitement&amp#27;[0m     &amp#27;[90m# hellocucumber.DemandeCongeSteps.chefProjetAnalyseTraitement()&amp#27;[0m
  &amp#27;[32mThen &amp#27;[0m&amp#27;[32msi le chef de projet refuse la demande&amp#27;[0m                &amp#27;[90m# hellocucumber.DemandeCongeSteps.chefProjetRefuseDemande()&amp#27;[0m
  &amp#27;[32mThen &amp#27;[0m&amp#27;[32mil élabore les commentaires de refus&amp#27;[0m                  &amp#27;[90m# hellocucumber.DemandeCongeSteps.ilÉlaboreLesCommentairesDeRefus()&amp#27;[0m
  &amp#27;[32mAnd &amp#27;[0m&amp#27;[32mles transmet à l'employé&amp#27;[0m                               &amp#27;[90m# hellocucumber.DemandeCongeSteps.lesTransmetÀLEmployé()&amp#27;[0m
]]></system-out>
  </testcase>
  <testcase name="Validation par le chef de projet" classname="Processus de demande de congé" time="0.016">
    <system-out><![CDATA[
Scenario: Validation par le chef de projet           &amp#27;[90m# hellocucumber/Demande_de_conge.feature:34&amp#27;[0m
Demande de Nom de l'employé validée par le chef de projet Project Manager
  &amp#27;[32mWhen &amp#27;[0m&amp#27;[32mle chef de projet valide la demande&amp#27;[0m           &amp#27;[90m# hellocucumber.DemandeCongeSteps.chefProjetValideDemande()&amp#27;[0m
Le directeur technique Technical Director a reçu la demande de Nom de l'employé
  &amp#27;[32mThen &amp#27;[0m&amp#27;[32mil transmet la demande au directeur technique&amp#27;[0m &amp#27;[90m# hellocucumber.DemandeCongeSteps.transmetDemandeDirecteurTechnique()&amp#27;[0m
]]></system-out>
  </testcase>
  <testcase name="Analyse par le directeur technique" classname="Processus de demande de congé" time="0.047">
    <system-out><![CDATA[
Scenario: Analyse par le directeur technique                             &amp#27;[90m# hellocucumber/Demande_de_conge.feature:38&amp#27;[0m
  &amp#27;[32mGiven &amp#27;[0m&amp#27;[32mle directeur technique reçoit la notification de validation&amp#27;[0m      &amp#27;[90m# hellocucumber.DemandeCongeSteps.directeurTechniqueReçoitNotification()&amp#27;[0m
Analyse de la demande de Nom de l'employé
  &amp#27;[32mWhen &amp#27;[0m&amp#27;[32mle directeur technique fait l'analyse et le traitement&amp#27;[0m            &amp#27;[90m# hellocucumber.DemandeCongeSteps.directeurTechniqueAnalyseTraitement()&amp#27;[0m
Notification de validation envoyée à Nom de l'employé
  &amp#27;[32mThen &amp#27;[0m&amp#27;[32msi le directeur technique valide la demande&amp#27;[0m                       &amp#27;[90m# hellocucumber.DemandeCongeSteps.directeurTechniqueValideDemande()&amp#27;[0m
  &amp#27;[32mThen &amp#27;[0m&amp#27;[32mil transmet à l'employé et au responsable des ressources humaines&amp#27;[0m &amp#27;[90m# hellocucumber.DemandeCongeSteps.ilTransmetÀLEmployéEtAuResponsableDesRessourcesHumaines()&amp#27;[0m
]]></system-out>
  </testcase>
  <testcase name="Notifications finales" classname="Processus de demande de congé" time="0.015">
    <system-out><![CDATA[
Scenario: Notifications finales                                                                          &amp#27;[90m# hellocucumber/Demande_de_conge.feature:44&amp#27;[0m
Notification de validation reçue.
  &amp#27;[32mWhen &amp#27;[0m&amp#27;[32ml'employé reçoit la notification de validation de la demande par mail&amp#27;[0m                             &amp#27;[90m# hellocucumber.DemandeCongeSteps.employeRecevoitNotificationValidation()&amp#27;[0m
  &amp#27;[32mAnd &amp#27;[0m&amp#27;[32mle responsable des ressources humaines reçoit la notification de validation de la demande par mail&amp#27;[0m &amp#27;[90m# hellocucumber.DemandeCongeSteps.rhRecevoitNotificationValidation()&amp#27;[0m
]]></system-out>
  </testcase>
  <testcase name="Refus final par le directeur technique" classname="Processus de demande de congé" time="0.032">
    <system-out><![CDATA[
Scenario: Refus final par le directeur technique                              &amp#27;[90m# hellocucumber/Demande_de_conge.feature:48&amp#27;[0m
  &amp#27;[32mWhen &amp#27;[0m&amp#27;[32mle directeur technique élabore les commentaires de refus de la demande&amp#27;[0m &amp#27;[90m# hellocucumber.DemandeCongeSteps.le_directeur_technique_élabore_les_commentaires_de_refus_de_la_demande()&amp#27;[0m
Notification de refus reçue. Commentaires : Demande refusée par le directeur technique.
  &amp#27;[32mThen &amp#27;[0m&amp#27;[32mil transmet à l'employé&amp#27;[0m                                                &amp#27;[90m# hellocucumber.DemandeCongeSteps.il_transmet_à_l_employé()&amp#27;[0m
Notification de refus reçue. Commentaires : Demande refusée par le directeur technique.
  &amp#27;[32mWhen &amp#27;[0m&amp#27;[32ml'employé reçoit la notification de refus de la demande&amp#27;[0m                &amp#27;[90m# hellocucumber.DemandeCongeSteps.l_employé_reçoit_la_notification_de_refus_de_la_demande()&amp#27;[0m
  &amp#27;[32mThen &amp#27;[0m&amp#27;[32mavec les commentaires&amp#27;[0m                                                  &amp#27;[90m# hellocucumber.DemandeCongeSteps.avec_les_commentaires()&amp#27;[0m
]]></system-out>
  </testcase>
  <testcase name="Réception et gestion d&apos;une tâche" classname="Gestion d&apos;action-list" time="0.047">
    <system-out><![CDATA[
Scenario: Réception et gestion d'une tâche                     &amp#27;[90m# hellocucumber/Gestion_action_list.feature:3&amp#27;[0m
Tâche reçue par le TL/TLA: hellocucumber.Task@7d286fb6
  &amp#27;[32mGiven &amp#27;[0m&amp#27;[32mle TL/TLA reçoit une tâche du management&amp#27;[0m               &amp#27;[90m# hellocucumber.GestionActionListSteps.le_tl_tla_reçoit_une_tâche_du_management()&amp#27;[0m
Informations notées pour la tâche: hellocucumber.Task@7d286fb6
  &amp#27;[32mWhen &amp#27;[0m&amp#27;[32mle TL/TLA note toutes les informations liées à la tâche&amp#27;[0m &amp#27;[90m# hellocucumber.GestionActionListSteps.le_tl_tla_note_toutes_les_informations_liées_à_la_tâche()&amp#27;[0m
  &amp#27;[32mAnd &amp#27;[0m&amp#27;[32mla tâche dépasse le délai prévu&amp#27;[0m                          &amp#27;[90m# hellocucumber.GestionActionListSteps.taskExceedsDeadline()&amp#27;[0m
Notification: La tâche En cours est en retard.
  &amp#27;[32mThen &amp#27;[0m&amp#27;[32mune notification est envoyée&amp#27;[0m                            &amp#27;[90m# hellocucumber.GestionActionListSteps.notificationIsSent()&amp#27;[0m
  &amp#27;[32mAnd &amp#27;[0m&amp#27;[32mle statut de la tâche est actualisé&amp#27;[0m                      &amp#27;[90m# hellocucumber.GestionActionListSteps.taskStatusIsUpdated()&amp#27;[0m
]]></system-out>
  </testcase>
  <testcase name="Déclaration d&apos;une absence par un employé" classname="Processus de déclaration d&apos;absence" time="0.031">
    <system-out><![CDATA[
Scenario: Déclaration d'une absence par un employé              &amp#27;[90m# hellocucumber/declaration_d_absence.feature:3&amp#27;[0m
  &amp#27;[32mGiven &amp#27;[0m&amp#27;[32ml'employé a besoin de déclarer une absence&amp#27;[0m              &amp#27;[90m# hellocucumber.AbsenceDeclarationSteps.employeeNeedsToDeclareAbsence()&amp#27;[0m
  &amp#27;[32mWhen &amp#27;[0m&amp#27;[32ml'employé remplit le formulaire de déclaration d'absence&amp#27;[0m &amp#27;[90m# hellocucumber.AbsenceDeclarationSteps.employeeFillsAbsenceForm()&amp#27;[0m
  &amp#27;[32mAnd &amp#27;[0m&amp#27;[32msoumet la déclaration&amp#27;[0m                                     &amp#27;[90m# hellocucumber.AbsenceDeclarationSteps.employeeSubmitsDeclaration()&amp#27;[0m
  &amp#27;[32mThen &amp#27;[0m&amp#27;[32mle Team Leader reçoit l'email de demande et valide&amp#27;[0m       &amp#27;[90m# hellocucumber.AbsenceDeclarationSteps.teamLeaderReceivesAndValidatesRequest()&amp#27;[0m
  &amp#27;[32mAnd &amp#27;[0m&amp#27;[32mla déclaration d'absence est validée&amp#27;[0m                      &amp#27;[90m# hellocucumber.AbsenceDeclarationSteps.absenceDeclarationIsValidated()&amp#27;[0m
  &amp#27;[32mAnd &amp#27;[0m&amp#27;[32mle RRH reçoit l'email de déclaration d'absence&amp#27;[0m            &amp#27;[90m# hellocucumber.AbsenceDeclarationSteps.hrManagerReceivesAbsenceEmail()&amp#27;[0m
]]></system-out>
  </testcase>
  <testcase name="Example #1.1" classname="Examples" time="0.047">
    <system-out><![CDATA[
Scenario Outline: find the exact day &amp#27;[90m# hellocucumber/what_day_it_is.feature:11&amp#27;[0m
  &amp#27;[32mGiven &amp#27;[0m&amp#27;[32mtoday is &amp#27;[0m&amp#27;[32m&amp#27;[1m"Monday"&amp#27;[0m            &amp#27;[90m# hellocucumber.StepDefinitions.today_is(java.lang.String)&amp#27;[0m
  &amp#27;[32mWhen &amp#27;[0m&amp#27;[32mI ask what day it is&amp#27;[0m          &amp#27;[90m# hellocucumber.StepDefinitions.i_ask_what_day_it_is()&amp#27;[0m
  &amp#27;[32mThen &amp#27;[0m&amp#27;[32mI should be told &amp#27;[0m&amp#27;[32m&amp#27;[1m"Yes"&amp#27;[0m        &amp#27;[90m# hellocucumber.StepDefinitions.i_should_be_told(java.lang.String)&amp#27;[0m
]]></system-out>
  </testcase>
  <testcase name="Example #1.2" classname="Examples" time="0.016">
    <system-out><![CDATA[
Scenario Outline: find the exact day &amp#27;[90m# hellocucumber/what_day_it_is.feature:12&amp#27;[0m
  &amp#27;[32mGiven &amp#27;[0m&amp#27;[32mtoday is &amp#27;[0m&amp#27;[32m&amp#27;[1m"Tuesday"&amp#27;[0m           &amp#27;[90m# hellocucumber.StepDefinitions.today_is(java.lang.String)&amp#27;[0m
  &amp#27;[32mWhen &amp#27;[0m&amp#27;[32mI ask what day it is&amp#27;[0m          &amp#27;[90m# hellocucumber.StepDefinitions.i_ask_what_day_it_is()&amp#27;[0m
  &amp#27;[32mThen &amp#27;[0m&amp#27;[32mI should be told &amp#27;[0m&amp#27;[32m&amp#27;[1m"Yes1"&amp#27;[0m       &amp#27;[90m# hellocucumber.StepDefinitions.i_should_be_told(java.lang.String)&amp#27;[0m
]]></system-out>
  </testcase>
  <testcase name="Example #1.3" classname="Examples" time="0.031">
    <system-out><![CDATA[
Scenario Outline: find the exact day &amp#27;[90m# hellocucumber/what_day_it_is.feature:13&amp#27;[0m
  &amp#27;[32mGiven &amp#27;[0m&amp#27;[32mtoday is &amp#27;[0m&amp#27;[32m&amp#27;[1m"Wednesday"&amp#27;[0m         &amp#27;[90m# hellocucumber.StepDefinitions.today_is(java.lang.String)&amp#27;[0m
  &amp#27;[32mWhen &amp#27;[0m&amp#27;[32mI ask what day it is&amp#27;[0m          &amp#27;[90m# hellocucumber.StepDefinitions.i_ask_what_day_it_is()&amp#27;[0m
  &amp#27;[32mThen &amp#27;[0m&amp#27;[32mI should be told &amp#27;[0m&amp#27;[32m&amp#27;[1m"Yes2"&amp#27;[0m       &amp#27;[90m# hellocucumber.StepDefinitions.i_should_be_told(java.lang.String)&amp#27;[0m
]]></system-out>
  </testcase>
  <testcase name="Example #1.4" classname="Examples" time="0.016">
    <system-out><![CDATA[
Scenario Outline: find the exact day &amp#27;[90m# hellocucumber/what_day_it_is.feature:14&amp#27;[0m
  &amp#27;[32mGiven &amp#27;[0m&amp#27;[32mtoday is &amp#27;[0m&amp#27;[32m&amp#27;[1m"Thursday"&amp#27;[0m          &amp#27;[90m# hellocucumber.StepDefinitions.today_is(java.lang.String)&amp#27;[0m
  &amp#27;[32mWhen &amp#27;[0m&amp#27;[32mI ask what day it is&amp#27;[0m          &amp#27;[90m# hellocucumber.StepDefinitions.i_ask_what_day_it_is()&amp#27;[0m
  &amp#27;[32mThen &amp#27;[0m&amp#27;[32mI should be told &amp#27;[0m&amp#27;[32m&amp#27;[1m"Yes3"&amp#27;[0m       &amp#27;[90m# hellocucumber.StepDefinitions.i_should_be_told(java.lang.String)&amp#27;[0m
]]></system-out>
  </testcase>
  <testcase name="Example #1.5" classname="Examples" time="0.031">
    <system-out><![CDATA[
Scenario Outline: find the exact day &amp#27;[90m# hellocucumber/what_day_it_is.feature:15&amp#27;[0m
  &amp#27;[32mGiven &amp#27;[0m&amp#27;[32mtoday is &amp#27;[0m&amp#27;[32m&amp#27;[1m"Friday"&amp#27;[0m            &amp#27;[90m# hellocucumber.StepDefinitions.today_is(java.lang.String)&amp#27;[0m
  &amp#27;[32mWhen &amp#27;[0m&amp#27;[32mI ask what day it is&amp#27;[0m          &amp#27;[90m# hellocucumber.StepDefinitions.i_ask_what_day_it_is()&amp#27;[0m
  &amp#27;[32mThen &amp#27;[0m&amp#27;[32mI should be told &amp#27;[0m&amp#27;[32m&amp#27;[1m"Yes4"&amp#27;[0m       &amp#27;[90m# hellocucumber.StepDefinitions.i_should_be_told(java.lang.String)&amp#27;[0m
]]></system-out>
  </testcase>
  <testcase name="Example #1.6" classname="Examples" time="0.031">
    <system-out><![CDATA[
Scenario Outline: find the exact day &amp#27;[90m# hellocucumber/what_day_it_is.feature:16&amp#27;[0m
  &amp#27;[32mGiven &amp#27;[0m&amp#27;[32mtoday is &amp#27;[0m&amp#27;[32m&amp#27;[1m"anything else!"&amp#27;[0m    &amp#27;[90m# hellocucumber.StepDefinitions.today_is(java.lang.String)&amp#27;[0m
  &amp#27;[32mWhen &amp#27;[0m&amp#27;[32mI ask what day it is&amp#27;[0m          &amp#27;[90m# hellocucumber.StepDefinitions.i_ask_what_day_it_is()&amp#27;[0m
  &amp#27;[32mThen &amp#27;[0m&amp#27;[32mI should be told &amp#27;[0m&amp#27;[32m&amp#27;[1m"Nope"&amp#27;[0m       &amp#27;[90m# hellocucumber.StepDefinitions.i_should_be_told(java.lang.String)&amp#27;[0m
]]></system-out>
  </testcase>
</testsuite>